<?xml version="1.0" encoding="UTF-8"?>
<!-- Generated by org.testng.reporters.JUnitXMLReporter -->
<testsuite ignored="0" hostname="CACELAP00373" failures="1" tests="2" name="End To End FrameWork" time="42.208" errors="0" timestamp="2023-09-12T11:42:54 IST">
  <testcase classname="mobileautomation.eCommerceApp" name="fillForm" time="29.606"/>
  <testcase classname="mobileautomation.eCommerceApp" name="validateErrorMessage" time="0.0">
    <failure type="org.testng.TestNGException" message="
Cannot inject @Test annotated Method [validateErrorMessage] with [class java.lang.String, class java.lang.String, class java.lang.String].
For more information on native dependency injection please refer to https://testng.org/doc/documentation-main.html#native-dependency-injection">
      <![CDATA[org.testng.TestNGException: 
Cannot inject @Test annotated Method [validateErrorMessage] with [class java.lang.String, class java.lang.String, class java.lang.String].
For more information on native dependency injection please refer to https://testng.org/doc/documentation-main.html#native-dependency-injection
at java.base/java.util.ArrayList.forEach(ArrayList.java:1511)
... Removed 26 stack frames]]>
    </failure>
  </testcase> <!-- validateErrorMessage -->
</testsuite> <!-- End To End FrameWork -->
